<?xml version="1.0" encoding="UTF-8"?>
<!-- Generated by org.testng.reporters.JUnitReportReporter -->
<testsuite hostname="DESKTOP-BK9CP9I" failures="0" tests="4" name="menuberger.Exten" time="0.068" errors="0" timestamp="2024-04-15T12:34:16 IST" skipped="0">
  <testcase classname="menuberger.Exten" name="f1" time="0.027"/>
  <testcase classname="menuberger.Exten" name="f3" time="0.032"/>
  <testcase classname="menuberger.Exten" name="f2" time="0.002"/>
  <testcase classname="menuberger.Exten" name="f4" time="0.007"/>
</testsuite> <!-- menuberger.Exten -->
