<?xml version="1.0" encoding="UTF-8"?>
<!-- Generated by org.testng.reporters.JUnitReportReporter -->
<testsuite hostname="DESKTOP-BK9CP9I" failures="0" tests="2" name="TestNG.testcaseexample" time="22.124" errors="0" timestamp="2024-04-12T11:00:16 IST" skipped="0">
  <testcase classname="TestNG.testcaseexample" name="google" time="9.866"/>
  <testcase classname="TestNG.testcaseexample" name="irctc" time="12.258"/>
</testsuite> <!-- TestNG.testcaseexample -->
