<?xml version="1.0" encoding="UTF-8"?>
<!-- Generated by org.testng.reporters.JUnitReportReporter -->
<testsuite hostname="DESKTOP-BK9CP9I" failures="0" tests="1" name="TestNG.fbsearchname" time="34.449" errors="0" timestamp="2024-04-12T15:28:20 IST" skipped="0">
  <testcase classname="TestNG.fbsearchname" name="loginfb" time="34.449"/>
</testsuite> <!-- TestNG.fbsearchname -->
