<?xml version="1.0" encoding="UTF-8"?>
<!-- Generated by org.testng.reporters.JUnitReportReporter -->
<testsuite hostname="DESKTOP-BK9CP9I" failures="0" tests="3" name="menuberger.Extent1" time="20.225" errors="0" timestamp="2024-04-11T11:37:34 IST" skipped="0">
  <testcase classname="menuberger.Extent1" name="Testcase3" time="0.011"/>
  <testcase classname="menuberger.Extent1" name="Testcase2" time="17.184"/>
  <testcase classname="menuberger.Extent1" name="Testcase1" time="3.030"/>
</testsuite> <!-- menuberger.Extent1 -->
